<?xml version="1.0" encoding="UTF-8"?>
<!-- Generated by org.testng.reporters.JUnitReportReporter -->
<testsuite skipped="0" hostname="LAPTOP-GNJ0BDM1" name="RmgProjects.UpdateProject" tests="1" failures="0" timestamp="2021-10-27T16:49:50 IST" time="2.701" errors="0">
  <testcase name="updateProject" time="2.701" classname="RmgProjects.UpdateProject"/>
  <system-out/>
</testsuite> <!-- RmgProjects.UpdateProject -->
