<?xml version="1.0" encoding="UTF-8"?>
<!-- Generated by org.testng.reporters.JUnitReportReporter -->
<testsuite skipped="0" hostname="LAPTOP-GNJ0BDM1" name="Restassured_Test_Cases.RMG_API_Project_TC_14_getProject" tests="1" failures="0" timestamp="2021-10-28T17:44:47 IST" time="1.746" errors="0">
  <testcase name="getProjects" time="1.746" classname="Restassured_Test_Cases.RMG_API_Project_TC_14_getProject"/>
  <system-out/>
</testsuite> <!-- Restassured_Test_Cases.RMG_API_Project_TC_14_getProject -->
