<?xml version="1.0" encoding="UTF-8"?>
<!-- Generated by org.testng.reporters.JUnitReportReporter -->
<testsuite skipped="0" hostname="LAPTOP-GNJ0BDM1" name="RmgProjects.CreateProject" tests="1" failures="0" timestamp="2021-10-27T16:22:04 IST" time="2.293" errors="0">
  <testcase name="create" time="2.293" classname="RmgProjects.CreateProject"/>
  <system-out/>
</testsuite> <!-- RmgProjects.CreateProject -->
