<?xml version="1.0" encoding="UTF-8"?>
<!-- Generated by org.testng.reporters.JUnitReportReporter -->
<testsuite skipped="0" hostname="LAPTOP-GNJ0BDM1" name="ParameterAndAuthentication.BarearToken" tests="1" failures="0" timestamp="2021-10-30T19:10:16 IST" time="3.126" errors="0">
  <testcase name="bearerToken" time="3.126" classname="ParameterAndAuthentication.BarearToken"/>
  <system-out/>
</testsuite> <!-- ParameterAndAuthentication.BarearToken -->
