<?xml version="1.0" encoding="UTF-8"?>
<!-- Generated by org.testng.reporters.JUnitReportReporter -->
<testsuite skipped="0" hostname="LAPTOP-GNJ0BDM1" name="SDET21.ComplexResponseValidate.RequestChainingForDelete" tests="1" failures="0" timestamp="2021-10-30T12:08:38 IST" time="3.370" errors="0">
  <testcase name="createChainingForDelete" time="3.370" classname="SDET21.ComplexResponseValidate.RequestChainingForDelete"/>
  <system-out/>
</testsuite> <!-- SDET21.ComplexResponseValidate.RequestChainingForDelete -->
