<?xml version="1.0" encoding="UTF-8"?>
<!-- Generated by org.testng.reporters.JUnitReportReporter -->
<testsuite skipped="0" hostname="LAPTOP-GNJ0BDM1" name="RmgProjects.CreateProjectUsingPOJO" tests="1" failures="0" timestamp="2021-10-28T13:00:45 IST" time="2.241" errors="0">
  <testcase name="createProjectUsingPojo" time="2.241" classname="RmgProjects.CreateProjectUsingPOJO"/>
  <system-out/>
</testsuite> <!-- RmgProjects.CreateProjectUsingPOJO -->
