<?xml version="1.0" encoding="UTF-8"?>
<!-- Generated by org.testng.reporters.JUnitReportReporter -->
<testsuite skipped="0" hostname="LAPTOP-GNJ0BDM1" name="Restassured_Test_Cases.RMG_API_Project_TC_14_GetSingleProjects" tests="1" failures="0" timestamp="2021-10-28T17:51:48 IST" time="1.765" errors="0">
  <testcase name="getSingleProjects" time="1.765" classname="Restassured_Test_Cases.RMG_API_Project_TC_14_GetSingleProjects"/>
  <system-out/>
</testsuite> <!-- Restassured_Test_Cases.RMG_API_Project_TC_14_GetSingleProjects -->
