<?xml version="1.0" encoding="UTF-8"?>
<!-- Generated by org.testng.reporters.JUnitReportReporter -->
<testsuite skipped="0" hostname="LAPTOP-GNJ0BDM1" name="ParameterAndAuthentication.QueryParameter" tests="1" failures="0" timestamp="2021-10-29T12:45:59 IST" time="4.485" errors="0">
  <testcase name="queryParameter" time="4.485" classname="ParameterAndAuthentication.QueryParameter"/>
  <system-out/>
</testsuite> <!-- ParameterAndAuthentication.QueryParameter -->
