<?xml version="1.0" encoding="UTF-8"?>
<!-- Generated by org.testng.reporters.JUnitReportReporter -->
<testsuite skipped="0" hostname="LAPTOP-GNJ0BDM1" name="ParameterAndAuthentication.BasicAuth" tests="1" failures="0" timestamp="2021-10-30T12:15:56 IST" time="2.336" errors="0">
  <testcase name="basicAuth" time="2.336" classname="ParameterAndAuthentication.BasicAuth"/>
  <system-out/>
</testsuite> <!-- ParameterAndAuthentication.BasicAuth -->
