<?xml version="1.0" encoding="UTF-8"?>
<!-- Generated by org.testng.reporters.JUnitReportReporter -->
<testsuite skipped="0" hostname="LAPTOP-GNJ0BDM1" name="Restassured_Test_Cases.RMG_API_Project_TC_19_CreateAndGetProjectInSameRequest" tests="1" failures="0" timestamp="2021-10-29T10:45:50 IST" time="2.093" errors="0">
  <testcase name="createAndGetProjectInSameRequest" time="2.093" classname="Restassured_Test_Cases.RMG_API_Project_TC_19_CreateAndGetProjectInSameRequest"/>
  <system-out/>
</testsuite> <!-- Restassured_Test_Cases.RMG_API_Project_TC_19_CreateAndGetProjectInSameRequest -->
