<?xml version="1.0" encoding="UTF-8"?>
<!-- Generated by org.testng.reporters.JUnitReportReporter -->
<testsuite skipped="0" hostname="LAPTOP-GNJ0BDM1" name="Restassured_Test_Cases.RMG_API_Project_TC_06_JsonFilePath" tests="1" failures="0" timestamp="2021-10-28T16:36:08 IST" time="2.016" errors="0">
  <testcase name="createProjectUsingJasonFile" time="2.016" classname="Restassured_Test_Cases.RMG_API_Project_TC_06_JsonFilePath"/>
  <system-out/>
</testsuite> <!-- Restassured_Test_Cases.RMG_API_Project_TC_06_JsonFilePath -->
