<?xml version="1.0" encoding="UTF-8"?>
<!-- Generated by org.testng.reporters.JUnitReportReporter -->
<testsuite skipped="0" hostname="LAPTOP-GNJ0BDM1" name="Restassured_Test_Cases.RMG_API_Project_TC_18_DeleteSingleProject" tests="1" failures="0" timestamp="2021-10-28T18:03:08 IST" time="1.949" errors="0">
  <testcase name="deleteSingleProject" time="1.949" classname="Restassured_Test_Cases.RMG_API_Project_TC_18_DeleteSingleProject"/>
  <system-out/>
</testsuite> <!-- Restassured_Test_Cases.RMG_API_Project_TC_18_DeleteSingleProject -->
