<?xml version="1.0" encoding="UTF-8"?>
<!-- Generated by org.testng.reporters.JUnitReportReporter -->
<testsuite skipped="0" hostname="LAPTOP-GNJ0BDM1" name="ParameterAndAuthentication.PathParameter" tests="1" failures="0" timestamp="2021-10-29T12:47:52 IST" time="1.916" errors="0">
  <testcase name="pathParameter" time="1.916" classname="ParameterAndAuthentication.PathParameter"/>
  <system-out/>
</testsuite> <!-- ParameterAndAuthentication.PathParameter -->
