<?xml version="1.0" encoding="UTF-8"?>
<!-- Generated by org.testng.reporters.JUnitReportReporter -->
<testsuite skipped="0" hostname="LAPTOP-GNJ0BDM1" name="EnToEndRmgy.CreateProjectAndVerifyInDatabase" tests="1" failures="0" timestamp="2021-10-30T19:33:21 IST" time="2.761" errors="0">
  <testcase name="createProjectAndVerifyInDB" time="2.761" classname="EnToEndRmgy.CreateProjectAndVerifyInDatabase"/>
  <system-out/>
</testsuite> <!-- EnToEndRmgy.CreateProjectAndVerifyInDatabase -->
