<?xml version="1.0" encoding="UTF-8"?>
<!-- Generated by org.testng.reporters.JUnitReportReporter -->
<testsuite skipped="0" hostname="LAPTOP-GNJ0BDM1" name="Restassured_Test_Cases.RMG_API_Project_TC_11_Update" tests="1" failures="0" timestamp="2021-10-28T17:16:24 IST" time="2.001" errors="0">
  <testcase name="updateProject" time="2.001" classname="Restassured_Test_Cases.RMG_API_Project_TC_11_Update"/>
  <system-out/>
</testsuite> <!-- Restassured_Test_Cases.RMG_API_Project_TC_11_Update -->
