<?xml version="1.0" encoding="UTF-8"?>
<!-- Generated by org.testng.reporters.JUnitReportReporter -->
<testsuite skipped="0" hostname="LAPTOP-GNJ0BDM1" name="SDET21.ComplexResponseValidate.HandlingStaticResponse" tests="1" failures="0" timestamp="2021-10-29T11:37:53 IST" time="2.308" errors="0">
  <testcase name="staticResponse" time="2.308" classname="SDET21.ComplexResponseValidate.HandlingStaticResponse"/>
  <system-out/>
</testsuite> <!-- SDET21.ComplexResponseValidate.HandlingStaticResponse -->
