<?xml version="1.0" encoding="UTF-8"?>
<!-- Generated by org.testng.reporters.JUnitReportReporter -->
<testsuite skipped="0" hostname="LAPTOP-GNJ0BDM1" name="RmgProjects.DeleteProject" tests="1" failures="0" timestamp="2021-10-27T16:43:45 IST" time="2.347" errors="0">
  <testcase name="deleteProject" time="2.347" classname="RmgProjects.DeleteProject"/>
  <system-out/>
</testsuite> <!-- RmgProjects.DeleteProject -->
