<?xml version="1.0" encoding="UTF-8"?>
<!-- Generated by org.testng.reporters.JUnitReportReporter -->
<testsuite skipped="0" hostname="LAPTOP-GNJ0BDM1" name="Restassured_Test_Cases.RMG_API_Project_TC_02_WithDuplicates" tests="1" failures="0" timestamp="2021-10-28T16:44:32 IST" time="2.019" errors="0">
  <testcase name="createProjectWithDuplicates" time="2.019" classname="Restassured_Test_Cases.RMG_API_Project_TC_02_WithDuplicates"/>
  <system-out/>
</testsuite> <!-- Restassured_Test_Cases.RMG_API_Project_TC_02_WithDuplicates -->
