<?xml version="1.0" encoding="UTF-8"?>
<!-- Generated by org.testng.reporters.JUnitReportReporter -->
<testsuite skipped="0" hostname="LAPTOP-GNJ0BDM1" name="SDET21.ComplexResponseValidate.RequestChainingForGet" tests="1" failures="0" timestamp="2021-10-30T12:04:14 IST" time="3.147" errors="0">
  <testcase name="createRequestChainingForGet" time="3.147" classname="SDET21.ComplexResponseValidate.RequestChainingForGet"/>
  <system-out/>
</testsuite> <!-- SDET21.ComplexResponseValidate.RequestChainingForGet -->
