<?xml version="1.0" encoding="UTF-8"?>
<!-- Generated by org.testng.reporters.JUnitReportReporter -->
<testsuite skipped="0" hostname="LAPTOP-GNJ0BDM1" name="Restassured_Test_Cases.RestAssured_TC_01" tests="1" failures="0" timestamp="2021-10-28T16:08:57 IST" time="2.164" errors="0">
  <testcase name="createProject" time="2.164" classname="Restassured_Test_Cases.RestAssured_TC_01"/>
  <system-out/>
</testsuite> <!-- Restassured_Test_Cases.RestAssured_TC_01 -->
