<?xml version="1.0" encoding="UTF-8"?>
<!-- Generated by org.testng.reporters.JUnitReportReporter -->
<testsuite skipped="0" hostname="LAPTOP-GNJ0BDM1" name="RmgProjects.CreateProjectUsingBDD" tests="1" failures="0" timestamp="2021-10-27T17:13:35 IST" time="2.718" errors="0">
  <testcase name="createProjectUsingBDD" time="2.718" classname="RmgProjects.CreateProjectUsingBDD"/>
  <system-out/>
</testsuite> <!-- RmgProjects.CreateProjectUsingBDD -->
