<?xml version="1.0" encoding="UTF-8"?>
<!-- Generated by org.testng.reporters.JUnitReportReporter -->
<testsuite skipped="0" hostname="LAPTOP-GNJ0BDM1" name="SDET21.ComplexResponseValidate.HandlingDynamicResponse" tests="1" failures="0" timestamp="2021-10-29T12:14:46 IST" time="2.250" errors="0">
  <testcase name="dynamicResponse" time="2.250" classname="SDET21.ComplexResponseValidate.HandlingDynamicResponse"/>
  <system-out/>
</testsuite> <!-- SDET21.ComplexResponseValidate.HandlingDynamicResponse -->
