<?xml version="1.0" encoding="UTF-8"?>
<!-- Generated by org.testng.reporters.JUnitReportReporter -->
<testsuite skipped="0" hostname="LAPTOP-GNJ0BDM1" name="Restassured_Test_Cases.RMG_API_Project_TC_08_WithStatusCreated" tests="1" failures="0" timestamp="2021-10-28T16:58:57 IST" time="2.176" errors="0">
  <testcase name="createProjectUsingJasonFile" time="2.176" classname="Restassured_Test_Cases.RMG_API_Project_TC_08_WithStatusCreated"/>
  <system-out/>
</testsuite> <!-- Restassured_Test_Cases.RMG_API_Project_TC_08_WithStatusCreated -->
