<?xml version="1.0" encoding="UTF-8"?>
<!-- Generated by org.testng.reporters.JUnitReportReporter -->
<testsuite skipped="0" hostname="LAPTOP-GNJ0BDM1" name="Restassured_Test_Cases.RMG_API_Project_TC_09_WithStatusOnGoing" tests="1" failures="0" timestamp="2021-10-28T17:03:01 IST" time="2.322" errors="0">
  <testcase name="createProjectWithStatusOnGoing" time="2.322" classname="Restassured_Test_Cases.RMG_API_Project_TC_09_WithStatusOnGoing"/>
  <system-out/>
</testsuite> <!-- Restassured_Test_Cases.RMG_API_Project_TC_09_WithStatusOnGoing -->
