<?xml version="1.0" encoding="UTF-8"?>
<!-- Generated by org.testng.reporters.JUnitReportReporter -->
<testsuite skipped="0" hostname="LAPTOP-GNJ0BDM1" name="SDET21.ComplexResponseValidate.BarearToken" tests="1" failures="0" timestamp="2021-10-30T18:22:27 IST" time="4.247" errors="0">
  <testcase name="bearerToken" time="4.247" classname="SDET21.ComplexResponseValidate.BarearToken"/>
  <system-out/>
</testsuite> <!-- SDET21.ComplexResponseValidate.BarearToken -->
