<?xml version="1.0" encoding="UTF-8"?>
<!-- Generated by org.testng.reporters.JUnitReportReporter -->
<testsuite skipped="0" hostname="LAPTOP-GNJ0BDM1" name="RmgProjects.CreateProjectUsingJsonFile" tests="1" failures="0" timestamp="2021-10-28T11:59:59 IST" time="2.002" errors="0">
  <testcase name="createProjectUsingJasonFile" time="2.002" classname="RmgProjects.CreateProjectUsingJsonFile"/>
  <system-out/>
</testsuite> <!-- RmgProjects.CreateProjectUsingJsonFile -->
