<?xml version="1.0" encoding="UTF-8"?>
<!-- Generated by org.testng.reporters.JUnitReportReporter -->
<testsuite skipped="0" hostname="LAPTOP-GNJ0BDM1" name="RmgProjects.GetAllProjectsUsingBDD" tests="1" failures="0" timestamp="2021-10-27T17:18:22 IST" time="2.214" errors="0">
  <testcase name="getAllPrjectsUsingBDD" time="2.214" classname="RmgProjects.GetAllProjectsUsingBDD"/>
  <system-out/>
</testsuite> <!-- RmgProjects.GetAllProjectsUsingBDD -->
