<?xml version="1.0" encoding="UTF-8"?>
<!-- Generated by org.testng.reporters.JUnitReportReporter -->
<testsuite skipped="0" hostname="LAPTOP-GNJ0BDM1" name="RmgProjects.CreateProjectUsingHashmap" tests="1" failures="0" timestamp="2021-10-28T11:46:38 IST" time="2.291" errors="0">
  <testcase name="createProjectUsingHashmap" time="2.291" classname="RmgProjects.CreateProjectUsingHashmap"/>
  <system-out/>
</testsuite> <!-- RmgProjects.CreateProjectUsingHashmap -->
