<?xml version="1.0" encoding="UTF-8"?>
<!-- Generated by org.testng.reporters.JUnitReportReporter -->
<testsuite skipped="0" hostname="LAPTOP-GNJ0BDM1" name="RmgProjects.GetAllResource" tests="1" failures="0" timestamp="2021-10-27T16:36:25 IST" time="1.692" errors="0">
  <testcase name="getAllData" time="1.692" classname="RmgProjects.GetAllResource"/>
  <system-out/>
</testsuite> <!-- RmgProjects.GetAllResource -->
